<?xml version="1.0" encoding="UTF-8"?>
<!-- Generated by org.testng.reporters.JUnitReportReporter -->
<testsuite hostname="I20768" failures="0" tests="3" name="central.TestCases.TC09_SCMDGroup" time="71.092" errors="0" timestamp="2022-12-14T17:33:03 IST" skipped="0">
  <testcase classname="central.TestCases.TC09_SCMDGroup" name="Login" time="40.216"/>
  <system-out/>
  <testcase classname="central.TestCases.TC09_SCMDGroup" name="MDGcreation" time="20.327"/>
  <system-out/>
  <testcase classname="central.TestCases.TC09_SCMDGroup" name="MDGEdit" time="10.549"/>
  <system-out/>
</testsuite> <!-- central.TestCases.TC09_SCMDGroup -->
