<?xml version="1.0" encoding="UTF-8"?>
<!-- Generated by org.testng.reporters.JUnitReportReporter -->
<testsuite hostname="I20768" failures="0" tests="2" name="central.TestCases.CreatingWIT" time="121.675" errors="0" timestamp="2022-12-14T16:35:02 IST" skipped="0">
  <testcase classname="central.TestCases.CreatingWIT" name="Login" time="43.284"/>
  <system-out/>
  <testcase classname="central.TestCases.CreatingWIT" name="CreateWorkItemTemplate" time="78.391"/>
  <system-out/>
</testsuite> <!-- central.TestCases.CreatingWIT -->
