<?xml version="1.0" encoding="UTF-8"?>
<!-- Generated by org.testng.reporters.JUnitReportReporter -->
<testsuite hostname="I20768" failures="0" tests="2" name="central.TestCases.TC05_SCTeams" time="58.285" errors="0" timestamp="2022-12-07T13:16:22 IST" skipped="0">
  <testcase classname="central.TestCases.TC05_SCTeams" name="Login" time="11.537"/>
  <system-out/>
  <testcase classname="central.TestCases.TC05_SCTeams" name="teams" time="46.748"/>
  <system-out/>
</testsuite> <!-- central.TestCases.TC05_SCTeams -->
