<?xml version="1.0" encoding="UTF-8"?>
<!-- Generated by org.testng.reporters.JUnitReportReporter -->
<testsuite hostname="I20768" failures="0" tests="2" name="central.TestCases.TC04_SCContractor" time="74.135" errors="0" timestamp="2022-12-01T17:49:58 IST" skipped="0">
  <testcase classname="central.TestCases.TC04_SCContractor" name="Login" time="13.386"/>
  <system-out/>
  <testcase classname="central.TestCases.TC04_SCContractor" name="Vendor" time="60.749"/>
  <system-out/>
</testsuite> <!-- central.TestCases.TC04_SCContractor -->
