<?xml version="1.0" encoding="UTF-8"?>
<!-- Generated by org.testng.reporters.JUnitReportReporter -->
<testsuite hostname="I20768" failures="0" tests="2" name="central.TestCases.TC11_WFTemplate" time="268.489" errors="0" timestamp="2022-12-15T16:49:37 IST" skipped="0">
  <testcase classname="central.TestCases.TC11_WFTemplate" name="Login" time="26.845"/>
  <system-out/>
  <testcase classname="central.TestCases.TC11_WFTemplate" name="WFTCreation" time="241.644"/>
  <system-out/>
</testsuite> <!-- central.TestCases.TC11_WFTemplate -->
