<?xml version="1.0" encoding="UTF-8"?>
<!-- Generated by org.testng.reporters.JUnitReportReporter -->
<testsuite skipped="0" hostname="I20768" name="central.TestCases.TC01_SCExtLogin" tests="1" failures="0" timestamp="2023-01-20T19:01:36 IST" time="39.731" errors="0">
  <testcase name="Login" time="39.731" classname="central.TestCases.TC01_SCExtLogin"/>
  <system-out/>
</testsuite> <!-- central.TestCases.TC01_SCExtLogin -->
