<?xml version="1.0" encoding="UTF-8"?>
<!-- Generated by org.testng.reporters.JUnitReportReporter -->
<testsuite hostname="I20768" failures="0" tests="2" name="central.TestCases.TC02_SCCreateExtuser" time="76.736" errors="0" timestamp="2022-12-28T15:55:32 IST" skipped="0">
  <testcase classname="central.TestCases.TC02_SCCreateExtuser" name="CreateExtuser" time="38.079"/>
  <system-out/>
  <testcase classname="central.TestCases.TC02_SCCreateExtuser" name="Login" time="38.657"/>
  <system-out/>
</testsuite> <!-- central.TestCases.TC02_SCCreateExtuser -->
