<?xml version="1.0" encoding="UTF-8"?>
<!-- Generated by org.testng.reporters.JUnitReportReporter -->
<testsuite hostname="I20768" failures="0" tests="2" name="central.TestCases.TC_SCRoleTrail" time="84.505" errors="0" timestamp="2022-11-25T16:17:32 IST" skipped="0">
  <testcase classname="central.TestCases.TC_SCRoleTrail" name="Login" time="11.961"/>
  <system-out/>
  <testcase classname="central.TestCases.TC_SCRoleTrail" name="role" time="72.544"/>
  <system-out/>
</testsuite> <!-- central.TestCases.TC_SCRoleTrail -->
